1.981769
18.516945
20.121207
19.923638
18.393284
24.735889
19.678566
22.806423
23.423193
17.789538
21.543282
19.805295
23.636900
20.587220
22.443143
23.783059
23.732966
25.360209
24.400461
23.498736
22.430768
20.668990
21.063642
22.987422
24.064642
21.294526
19.741597
23.243711
17.740622
22.304359
18.213334
18.153353
20.974438
21.564730
23.997606
26.164176
25.236106
24.271504
25.283587
19.527039
20.846364
22.585195
21.389683
21.868866
24.378353
26.471574
22.736464
23.144636
23.090172
27.741321
27.564493
27.847026
25.788078
24.175956
24.798969
26.215732
19.974411
25.396867
23.359860
22.646871
19.049213
19.635869
17.041790
24.830321
26.089771
26.101517
13.870180
18.463071
20.957331
17.236191
22.585111
20.334131
25.267509
26.674224
26.530039
23.211385
26.110832
25.275865
24.396889
24.364543
23.041358
27.492438
25.814484
23.377334
25.170838
26.286481
19.811507
15.874176
25.170838
25.039064
22.072198
24.105974
25.689645
23.255467
25.113420
29.477582
27.415684
26.549525
26.441359
23.633687
26.871214
27.244145
27.331139
26.606802
7.630351
9.110221
10.841250
10.607930
10.763187
27.690176
12.630005
13.043326
12.497861
12.983097
12.945631
26.515852
12.457796
12.655486
12.764674
25.697291
12.211031
23.873858
23.351586
13.503703
22.892568
25.836772
13.875392
12.556566
8.579678
22.689391
30.243678
12.571773
26.151118
13.055800
12.544372
11.674646
11.345404
10.942549
12.643086
13.150413
12.166179
12.632558
9.803337
11.427873
12.319493
11.580314
12.750596
11.696323
4.808726
5.053121
11.567655
11.408437
14.081473
12.507032
10.409412
13.401576
12.314019
12.309699
25.371362
22.243832
23.978425
24.635293
13.380238
15.287551
18.323884
15.918101
18.998967
20.048059
17.933740
16.076441
17.046849
17.445294
8.707823
13.341842
25.657018
26.690005
24.784474
24.197161
26.222034
23.764973
26.413249
13.680744
18.480814
21.567094
18.579127
15.250152
19.984956
17.304692
17.105801
19.536799
19.509293
21.667485
26.404474
21.032263
26.041533
21.603824
25.560071
13.455131
16.873406
9.561679
9.865045
10.708814
14.020763
9.567389
10.207791
9.132984
10.191034
8.412035
12.523582
12.417974
9.981183
9.894091
8.445520
12.805798
11.507444
24.785600
27.559364
20.825525
23.708911
19.210193
24.652956
18.628099
27.779597
30.092600
22.530663
14.725480
10.192748
10.600265
8.979041
10.059802
10.422648
11.061980
10.941262
10.495382
11.036789
9.753600
11.086098
10.807428
10.266750
9.270703
9.750580
11.299605
12.058413
10.626652
9.523374
9.604774
10.560414
10.575919
9.737913
11.399334
11.648377
10.307633
10.655914
10.333605
13.791988
14.234340
13.630335
10.304518
9.460779
9.828347
14.177532
9.850946
10.196481
10.314491
10.192566
9.756669
10.783121
10.622842
10.472145
10.774697
10.890275
8.572305
12.410410
10.866293
10.086785
10.554516
10.303907
12.832927
16.431489
15.595624
10.236046
13.206930
10.516011
12.749485
10.298504
10.894012
12.685735
9.595504
12.564599
12.375368
9.963266
13.403298
12.258419
9.839872
10.819169
12.045957
9.807294
9.844869
11.054918
10.870003
9.946890
10.268313
10.719221
10.177620
10.632198
10.831083
10.005025
10.427439
10.737685
9.643033
9.506113
9.219762
7.625086
10.286992
10.233820
9.720850
10.490033
8.533007
13.802172
8.100654
10.222661
10.632603
8.680706
10.818389
10.735956
10.098278
10.142155
10.089957
9.881178
10.028612
10.040468
10.823619
10.548671
10.261824
11.067193
10.011686
10.183908
10.992296
10.531257
10.186000
10.694260
9.970783
10.213621
12.793374
9.725940
12.527988
12.898099
10.485010
18.160798
10.377455
9.869808
9.688641
10.018339
14.700261
10.241829
12.176351
13.967171
13.266295
11.274656
13.550913
11.236208
14.099176
12.821738
8.242872
14.478802
7.788050
10.407335
10.749689
8.802337
10.631378
10.600939
9.931060
8.884720
10.284242
8.174331
13.885089
10.280488
10.604799
10.043485
12.721844
9.604828
12.131556
12.596926
9.961860
12.545591
11.775783
10.168521
9.843940
9.738474
10.937283
10.863971
9.972507
10.935011
10.530435
9.431053
9.804017
10.925632
10.617428
9.906301
9.210180
11.881675
12.127890
14.376271
11.529844
10.402815
11.156482
10.102307
10.971051
9.556273
10.512501
9.621307
10.496741
10.605830
10.285379
10.603478
10.340622
10.267048
7.495576
10.986137
12.675082
10.539767
12.543375
10.064923
10.522291
7.651813
8.108246
8.036471
11.406561
13.948955
11.867950
13.580449
12.417422
13.659985
9.617421
10.845335
10.724998
9.955406
10.729802
13.738901
14.465101
10.973639
11.167560
11.394517
10.452898
11.336465
10.518565
10.044847
11.248984
11.083139
10.223933
10.511194
10.247786
10.598467
10.490776
10.772434
9.946947
10.387147
10.237766
9.660282
10.148716
9.569365
9.617066
10.071107
9.461652
10.702367
10.334272
8.967024
10.329326
11.057353
9.642452
9.515996
10.223244
12.292499
22.837673
17.204832
15.104099
23.195861
17.146569
9.780796
10.686898
12.112710
13.026958
10.140680
10.552576
10.246692
10.077797
10.788928
9.441396
10.418983
11.981659
11.516478
9.198926
10.618152
10.431418
9.587784
9.894033
9.237682
10.295403
10.193536
10.735667
10.187098
10.852790
10.200763
10.104825
10.333961
10.233069
11.083610
13.478283
12.257067
10.662958
10.825006
10.852103
10.237391
9.798382
8.780220
12.264132
10.767466
9.684145
10.362105
10.820262
9.753291
10.058360
10.869344
11.188416
9.585417
9.968779
9.341333
14.083902
10.706635
9.469304
10.619956
9.486987
10.400705
10.212282
10.649635
9.426541
10.372764
10.867326
10.990695
10.074074
10.408301
9.893112
11.410292
9.586221
10.236570
8.243535
12.033528
11.743538
9.017344
12.943564
9.907544
9.739809
9.484115
9.959851
10.692106
9.333871
9.332542
10.287874
9.733489
10.301793
10.559336
9.872569
9.915706
9.520246
10.921128
10.567891
10.478409
13.091464
10.575742
10.337949
10.657665
10.139395
13.192672
9.985477
9.885679
9.633379
10.618217
10.341343
10.650882
10.560776
10.325745
10.051351
10.215473
10.345230
9.685638
13.619305
11.789052
10.283105
10.733219
10.021008
9.777807
9.596095
9.826367
10.824098
9.983533
10.516186
9.182525
10.375696
10.688649
10.998663
10.533920
10.798461
10.553142
10.707801
10.162020
10.666683
11.090606
11.004251
10.421118
10.817082
10.705403
10.767079
9.610658
11.050429
9.974347
13.019184
12.988929
11.302990
12.734413
12.347659
10.219997
9.807823
12.816548
9.501921
13.080120
12.562915
12.853779
13.066120
15.393665
10.864246
15.298231
10.575397
12.903009
11.365648
10.391699
15.178876
13.116119
13.784114
13.153959
10.505323
9.880030
10.924379
11.097170
9.541608
10.390727
11.152470
10.442210
9.562792
10.867267
9.889386
11.022394
10.864404
9.814586
10.771457
10.126270
12.858655
10.734688
8.840408
12.044132
10.279379
14.486038
10.704544
11.012117
9.535512
10.257605
10.141846
11.044509
14.000626
13.360038
13.340507
13.283609
13.563120
13.561219
10.465579
10.211092
8.472286
9.183390
9.158334
9.713375
12.604865
11.596989
13.295515
13.759884
10.718733
13.428150
12.437705
14.330381
8.090408
10.693993
12.590331
12.462505
9.217446
11.712328
12.096544
11.246823
12.692161
14.361165
10.072315
9.909524
9.467422
10.323435
9.600471
10.742241
10.610359
8.428821
11.480175
14.419960
9.496732
9.594361
9.950090
8.681264
9.893544
9.681949
9.652247
14.307230
9.937401
12.487548
14.294346
10.876170
12.694095
9.968050
13.686767
11.135094
11.430670
10.360513
10.583754
9.263876
11.277581
12.035422
13.082373
10.460443
10.104365
13.013720
9.775346
10.361058
10.376809
9.882325
10.459759
14.022155
12.491578
10.233593
9.564995
10.481091
10.403843
14.805747
7.710610
10.214673
12.578691
11.200979
10.986037
10.756636
9.896955
10.998976
10.589265
9.966013
11.342594
12.574289
8.350705
11.775875
10.837167
10.337566
9.217708
10.298778
14.213047
10.563519
14.116673
11.469477
13.452627
12.207764
13.976069
9.881365
10.460771
10.769553
10.186259
11.771509
10.641258
12.263518
8.483703
13.839371
13.590323
10.084945
8.699389
9.828943
9.884352
9.639524
8.068150
12.284710
13.858006
10.311699
9.183804
13.998895
8.614965
11.565425
12.855707
14.085307
11.585692
13.269390
10.155794
8.282206
11.065479
14.028860
10.528439
8.362163
11.428167
12.415161
10.232005
8.923999
9.540941
10.254642
13.364412
11.966819
10.010116
8.533966
9.396881
9.842971
9.412544
11.495307
12.239303
11.376606
