-2.879579 11.764706 -3.586858 -1.189911 4.776769
-5.685064 12.371134 0.551220 -2.181522 1.630303
-4.537038 12.500000 -5.417406 -1.821454 7.238860
-1.000000 12.500000 -41.828629 -13.474100 55.302727
-2.306442 12.500000 -4.787367 -0.861413 5.648780
-1.000000 12.631579 -43.669624 -13.402182 57.071808
-1.000000 12.765957 70.762009 -13.306033 -57.455975
-1.000000 12.903226 -42.803661 -13.385455 56.189117
-1.000000 12.765957 -44.328690 -13.360088 57.688778
-1.000000 12.765957 -40.396473 -13.441010 53.837482
-1.000000 12.903226 -43.187927 -13.376485 56.564411
-1.000000 12.903226 -40.463474 -13.517751 53.981224
-1.000000 13.043478 -44.050766 -13.388979 57.439743
-1.000000 13.043478 -38.469128 -13.414684 51.883812
-1.000000 12.903226 -37.161350 -13.498583 50.659935
-1.000000 12.903226 -39.161598 -13.510126 52.671722
-1.000000 12.903226 -38.947170 -13.449502 52.396671
-1.000000 13.043478 -43.405281 -13.383203 56.788483
-1.000000 12.765957 70.550636 -13.286375 -57.264259
-2.225729 12.500000 -3.617650 -0.860401 4.478051
-2.212870 12.500000 -3.519853 -0.860386 4.380239
-2.278003 12.500000 -4.677824 -0.841050 5.518874
-2.197488 12.631579 -3.837046 -0.839178 4.676224
-2.240636 12.371134 -2.445826 -0.838165 3.283991
-2.227272 12.500000 -3.837046 -0.839178 4.676224
-2.207055 12.500000 -3.617650 -0.860401 4.478051
-2.259458 12.500000 5.664419 -0.804961 -4.859458
-2.279823 12.500000 6.762056 -0.803904 -5.958152
-2.238476 12.631579 -6.198112 -0.842198 7.040309
-2.182392 12.631579 -2.293728 -0.859295 3.153023
-2.192488 12.631579 -3.617650 -0.860401 4.478051
-2.219810 12.500000 -3.837046 -0.839178 4.676224
-2.187552 12.631579 -2.445826 -0.838165 3.283991
-2.260078 12.500000 5.664419 -0.804961 -4.859458
-2.182701 12.631579 -3.065862 -0.816945 3.882807
-2.206860 12.500000 -3.617650 -0.860401 4.478051
-2.172695 12.631579 -2.373100 -0.859273 3.232372
-2.194769 12.631579 -4.508512 -0.839350 5.347862
-2.198891 12.500000 -2.445826 -0.838165 3.283991
-2.261155 12.244898 3.167892 -0.790794 -2.377099
-2.193087 12.631579 -2.445826 -0.838165 3.283991
-2.189022 12.631579 -3.733223 -0.860424 4.593647
-2.248636 12.371134 -2.850586 -0.838110 3.688696
-2.331721 12.244898 -0.610457 -0.794986 1.405443
-2.185778 12.500000 -4.058623 -0.839282 4.897905
-2.311171 12.000000 -1.588519 -0.815789 2.404308
-2.224037 12.371134 -4.058623 -0.839282 4.897905
-46.943161 12.244898 -26.565815 -13.689705 40.255520
-47.986601 12.371134 -26.802166 -13.687522 40.489689
-50.989250 12.121212 -28.156115 -13.708997 41.865112
-46.935821 12.244898 -23.363552 -13.684132 37.047684
-53.780813 12.000000 -29.813038 -13.691079 43.504116
-49.619507 12.371134 -28.022415 -13.697093 41.719509
-49.230486 12.121212 -25.993225 -13.663778 39.657005
-46.952480 12.244898 -27.503296 -13.668233 41.171528
-46.274100 12.371134 -24.021528 -13.676643 37.698174
-45.486039 12.244898 -23.766853 -13.674876 37.441730
-48.538841 12.244898 -25.640804 -13.703524 39.344330
-44.872780 12.371134 -22.896908 -13.702960 36.599869
-46.911217 12.244898 -22.521187 -13.667374 36.188560
-49.634160 12.371134 -28.233538 -13.663929 41.897469
-48.530126 12.244898 -27.594492 -13.704977 41.299469
-48.544725 12.244898 -27.211155 -13.707275 40.918430
-53.392021 12.371134 -29.698746 -13.667946 43.366692
-48.844843 12.500000 -24.170923 -13.697233 37.868156
-48.245345 12.631579 -27.675394 -13.697687 41.373081
-50.728396 12.500000 -29.671967 -13.673858 43.345825
-53.393140 12.371134 -29.425255 -13.679857 43.105110
-50.313979 12.244898 -29.225567 -13.666255 42.891823
-51.649650 12.000000 -28.332436 -13.709311 42.041748
-47.626109 12.121212 -24.861519 -13.677261 38.538780
-48.564999 12.244898 -28.662951 -13.665001 42.327950
-44.871161 12.371134 -22.955215 -13.655691 36.610909
-46.972729 12.244898 -26.047333 -13.661160 39.708492
-48.905432 11.881188 -25.987627 -13.705160 39.692787
-50.299011 12.244898 -26.435596 -13.659410 40.095005
-48.466588 12.244898 -26.530439 -13.688570 40.219009
-46.923530 12.244898 -24.829327 -13.712470 38.541798
-44.668756 12.121212 -24.768650 -13.678114 38.446762
-51.049150 12.121212 -27.442591 -13.692490 41.135078
-46.984669 12.244898 -24.693676 -13.692454 38.386131
-49.232661 12.121212 -26.547709 -13.683922 40.231628
-46.902423 12.244898 -25.627052 -13.676327 39.303379
-46.303635 12.371134 -22.369877 -13.671386 36.041264
-49.219413 12.121212 -27.476839 -13.696630 41.173470
-52.095794 12.244898 -27.500319 -13.685065 41.185383
-47.891012 12.371134 -24.526501 -13.705088 38.231590
-48.467842 12.244898 -25.719744 -13.668031 39.387775
-47.850179 12.371134 -26.721794 -13.684256 40.406052
-46.326411 12.371134 -24.906221 -13.707809 38.614029
-46.632191 12.000000 -22.019869 -13.669370 35.689240
-51.001699 12.121212 -28.332436 -13.709311 42.041748
-47.870300 12.371134 -26.802166 -13.687522 40.489689
-46.299282 12.371134 -24.672083 -13.676932 38.349014
-46.977302 12.244898 -23.613886 -13.655505 37.269390
-46.953939 12.244898 -25.502871 -13.674121 39.176991
-46.915434 12.244898 -25.647730 -13.693927 39.341656
-48.607658 12.244898 -23.970181 -13.686064 37.656242
-46.330555 12.371134 -25.737352 -13.671047 39.408401
-48.459106 12.244898 -26.661154 -13.684972 40.346127
-48.577172 12.244898 -23.941811 -13.713105 37.654915
-46.381793 12.371134 -27.329927 -13.690465 41.020393
-46.632600 12.000000 -22.966671 -13.669925 36.636597
-50.229268 12.244898 -25.861717 -13.662401 39.524117
-47.809832 12.371134 -25.026945 -13.681936 38.708881
-46.952747 12.244898 -25.142248 -13.669498 38.811745
-44.873024 12.371134 -23.089153 -13.686533 36.775688
-46.934163 12.244898 -25.388231 -13.705709 39.093941
-49.250603 12.121212 -26.848398 -13.690655 40.539055
-44.892470 12.371134 -23.833012 -13.689066 37.522079
-49.850658 12.000000 -26.760536 -13.710450 40.470985
-46.934890 12.244898 -25.542328 -13.723620 39.265949
-50.303211 12.244898 -26.836878 -13.690020 40.526897
-47.523616 12.121212 -24.032234 -13.678291 37.710526
-47.564375 12.121212 -25.993265 -13.712223 39.705490
-49.171766 12.121212 -25.723450 -13.702511 39.425961
-47.544625 12.121212 -26.394558 -13.657930 40.052490
-48.520452 12.244898 -25.323996 -13.669344 38.993340
-48.525969 12.244898 -27.577801 -13.682246 41.260048
-49.929376 12.000000 -25.674019 -13.675610 39.349628
-47.549316 12.121212 -23.153637 -13.704630 36.858269
-46.062415 12.121212 -23.085289 -13.715302 36.800591
-46.950022 12.244898 -26.708920 -13.692286 40.401207
-49.186959 12.121212 -28.737247 -13.705806 42.443054
-48.546329 12.244898 -27.010969 -13.654389 40.665359
-47.878118 12.371134 -26.158096 -13.692006 39.850101
-44.868218 12.371134 -22.591068 -13.683024 36.274094
-50.244038 12.244898 -24.522835 -13.680626 38.203461
-49.526864 12.371134 -28.424089 -13.664282 42.088371
-45.448560 12.244898 -24.676504 -13.675387 38.351891
-45.485165 12.244898 -21.824608 -13.701143 35.525749
-44.837422 12.371134 -24.335854 -13.651910 37.987762
-49.121955 12.121212 -25.719744 -13.668031 39.387775
-45.464736 12.244898 -20.262321 -13.704728 33.967049
-46.138125 12.121212 -24.006987 -13.723585 37.730572
-45.474297 12.244898 -23.664064 -13.696930 37.360992
-49.129167 12.121212 -25.026945 -13.681936 38.708881
-52.382369 11.881188 -28.650711 -13.706130 42.356842
-50.978981 12.121212 -27.772732 -13.675150 41.447884
-52.641537 12.500000 -28.676220 -13.661096 42.337315
-48.559350 12.244898 -25.053869 -13.681181 38.735050
-45.505079 12.244898 -25.105276 -13.716133 38.821411
-45.439034 12.244898 -24.604713 -13.687621 38.292336
-46.991844 12.244898 -23.015139 -13.696041 36.711182
-49.911376 12.000000 -26.223091 -13.699420 39.922512
-50.307700 12.244898 -27.698919 -13.655499 41.354416
-46.935455 12.244898 -23.705057 -13.713982 37.419037
-50.212718 12.244898 -27.442591 -13.692490 41.135078
-46.917081 12.244898 -26.242966 -13.708792 39.951759
-45.453857 12.244898 -23.664064 -13.696930 37.360992
-47.493862 12.121212 -24.773609 -13.685593 38.459202
-46.896373 12.244898 -23.142515 -13.696072 36.838585
-47.566855 12.121212 -26.015633 -13.681977 39.697609
-46.012836 12.121212 -22.104284 -13.679772 35.784058
-45.409880 12.244898 -21.292236 -13.664122 34.956360
-45.454388 12.244898 -22.291256 -13.681866 35.973122
-49.149447 12.121212 -26.678486 -13.664246 40.342731
-48.473282 12.244898 -26.975519 -13.687848 40.663368
-47.796354 12.371134 -25.823442 -13.675093 39.498535
-47.542568 12.121212 -24.665930 -13.681492 38.347420
-48.492433 12.244898 -26.656878 -13.665301 40.322178
-46.930206 12.244898 -24.717407 -13.679177 38.396584
-46.909236 12.244898 -24.245333 -13.678975 37.924309
-46.895798 12.244898 -25.369436 -13.628587 38.998024
-46.943935 12.244898 -24.759615 -13.646305 38.405922
-46.095886 12.121212 -22.807747 -13.671892 36.479637
-46.933703 12.244898 -25.748142 -13.663491 39.411633
-44.120935 12.244898 -23.583197 -13.692908 37.276104
-47.569752 12.121212 -28.173477 -13.678975 41.852451
-48.512619 12.244898 -26.949825 -13.686815 40.636642
-46.001631 12.121212 -23.744671 -13.692825 37.437496
-46.884499 12.244898 -26.505831 -13.667240 40.173073
-50.317098 12.244898 -27.911743 -13.711500 41.623245
-46.947465 12.244898 -26.421078 -13.698997 40.120075
-49.901317 12.000000 -26.737003 -13.709258 40.446262
-52.215950 12.244898 -29.269310 -13.720342 42.989651
-49.206458 12.121212 -27.302923 -13.725149 41.028072
-48.529142 12.244898 -26.224377 -13.690221 39.914597
-50.300481 12.244898 -27.666639 -13.713974 41.380615
-52.229376 12.244898 -29.035988 -13.727682 42.763672
-47.979914 12.371134 -25.536062 -13.740658 39.276718
-47.992308 12.371134 -25.544369 -13.716580 39.260948
-51.604868 12.371134 -28.306858 -13.717621 42.024479
-50.104970 12.631579 -28.701517 -13.743235 42.444752
-72.789879 13.793103 56.639225 -13.648060 -42.991165
-47.164149 14.285714 -22.202412 -13.777332 35.979744
-51.313593 15.189873 -17.344355 -13.732821 31.077175
-52.052313 12.631579 -29.599426 -13.741753 43.341179
-50.096297 12.631579 -28.875206 -13.737571 42.612778
-51.564047 12.371134 -29.179897 -13.749747 42.929646
-50.431923 12.244898 -29.314405 -13.742708 43.057114
-48.658967 12.244898 -27.150394 -13.713207 40.863602
-50.342168 12.244898 -26.893652 -13.713198 40.606850
-48.580831 12.244898 -27.054115 -13.721538 40.775654
-49.291215 12.121212 -27.758593 -13.707561 41.466156
-47.633938 12.121212 -25.675882 -13.704468 39.380348
-50.963277 12.121212 -26.125128 -13.667670 39.792797
-48.515079 12.244898 -25.853842 -13.670552 39.524395
-49.501056 12.371134 -28.433231 -13.672108 42.105339
-46.917264 12.244898 -24.406273 -13.656019 38.062294
-49.588486 12.371134 -27.400532 -13.678500 41.079033
-47.538070 12.121212 -25.104225 -13.679781 38.784004
-45.955538 12.121212 -24.886456 -13.675234 38.561691
-50.248469 12.244898 -26.812267 -13.669149 40.481415
-46.052132 12.121212 -26.693470 -13.688526 40.381996
-46.909315 12.244898 -25.651192 -13.709368 39.360558
-47.498133 12.121212 -27.387802 -13.700881 41.088684
-46.914332 12.244898 -21.776197 -13.675372 35.451569
-49.138161 12.121212 -27.330999 -13.684704 41.015701
-48.474833 12.244898 -25.640804 -13.703524 39.344330
-48.493134 12.244898 -25.495548 -13.681372 39.176918
-47.819244 12.371134 -25.333664 -13.678776 39.012440
-49.218428 12.121212 -28.055277 -13.710114 41.765392
-44.280192 12.500000 -22.788073 -13.665746 36.453819
-49.153270 12.121212 -28.056965 -13.719809 41.776772
-47.553772 12.121212 -24.331381 -13.689322 38.020702
-47.535174 12.121212 -23.657806 -13.647781 37.305588
-46.895390 12.244898 -24.593710 -13.691363 38.285072
-47.551538 12.121212 -25.995596 -13.706200 39.701797
-47.894255 12.371134 -28.983879 -13.691643 42.675522
-50.262140 12.244898 -27.477707 -13.678834 41.156540
-46.898379 12.244898 -22.753952 -13.675965 36.429916
-48.545278 12.244898 -25.734364 -13.689153 39.423515
-49.195216 12.121212 -24.972288 -13.701099 38.673386
-44.014568 12.244898 -23.304188 -13.694900 36.999088
-47.465752 12.121212 -24.420794 -13.688783 38.109577
-47.583389 12.121212 -24.970053 -13.673412 38.643463
-48.509408 12.244898 -25.430279 -13.666604 39.096882
-46.904607 12.244898 -25.949673 -13.675947 39.625618
-47.444674 12.121212 -23.913111 -13.690852 37.603962
-46.255311 12.371134 -25.910406 -13.697558 39.607964
-45.449612 12.244898 -23.664064 -13.696930 37.360992
-47.900946 12.371134 -27.577801 -13.682246 41.260048
-48.537420 12.244898 -25.845890 -13.713076 39.558968
-48.527102 12.244898 -24.284855 -13.686784 37.971638
-48.478385 12.244898 -27.587381 -13.711087 41.298470
-46.295257 12.371134 -25.818428 -13.662551 39.480980
-47.240894 12.500000 -25.481796 -13.676933 39.158730
-46.856118 12.244898 -27.064287 -13.645323 40.709610
-50.903602 12.121212 -27.047897 -13.681918 40.729816
-48.482406 12.244898 -26.840714 -13.686486 40.527199
-43.505057 12.371134 -21.674391 -13.650865 35.325256
-46.293989 12.371134 -25.388231 -13.705709 39.093941
-44.089325 12.244898 -20.356823 -13.657474 34.014297
-48.497963 12.244898 -27.164984 -13.682838 40.847824
-46.280950 12.371134 -22.765343 -13.669378 36.434723
-50.897348 12.121212 -27.442591 -13.692490 41.135078
-46.929876 12.244898 -25.166643 -13.675467 38.842110
-45.463093 12.244898 -24.516722 -13.691772 38.208492
-46.862263 12.244898 -26.708920 -13.692286 40.401207
-50.987067 12.121212 -29.142065 -13.662711 42.804775
-48.405672 12.244898 -28.190081 -13.682673 41.872753
-46.897846 12.244898 -23.817726 -13.686438 37.504166
-46.865793 12.244898 -24.195890 -13.688472 37.884361
-49.788807 12.000000 -27.425154 -13.718354 41.143509
-44.849305 12.371134 -22.777708 -13.702015 36.479721
-51.418802 12.371134 -28.883781 -13.702300 42.586082
-49.178391 12.121212 -26.037794 -13.670879 39.708672
-46.255393 12.371134 -25.731266 -13.664387 39.395653
-47.573905 12.121212 -24.540743 -13.701520 38.242264
-51.023958 12.121212 -27.013197 -13.649408 40.662605
-46.297022 12.371134 -26.350510 -13.695472 40.045982
-48.130318 12.000000 -23.542793 -13.691813 37.234608
-49.772016 12.000000 -26.451315 -13.698306 40.149620
-48.583410 12.244898 -25.495548 -13.681372 39.176918
-45.409066 12.244898 -23.345451 -13.698953 37.044403
-49.121536 12.121212 -25.886711 -13.693434 39.580147
-49.230078 12.121212 -26.484289 -13.693858 40.178146
-46.914635 12.244898 -26.315195 -13.694393 40.009590
-46.910161 12.244898 -26.708920 -13.692286 40.401207
-50.241424 12.244898 -28.244545 -13.664777 41.909321
-46.187340 12.371134 -22.364801 -13.668041 36.032845
-48.494107 12.244898 -26.081932 -13.655295 39.737228
-46.311947 12.371134 -27.178644 -13.730868 40.909512
-50.292028 12.244898 -27.714430 -13.680622 41.395050
-49.169209 12.121212 -27.005623 -13.653298 40.658920
-50.210598 12.244898 -27.337496 -13.682751 41.020248
-48.441072 12.244898 -24.159033 -13.657311 37.816345
-48.529048 12.244898 -26.101488 -13.708985 39.810474
-52.090756 12.244898 -28.666012 -13.671489 42.337502
-47.520193 12.121212 -24.693676 -13.692454 38.386131
-46.861647 12.244898 -26.217606 -13.659094 39.876701
-48.149790 12.000000 -27.133268 -13.703363 40.836632
-46.892350 12.244898 -24.522177 -13.682608 38.204784
-46.910825 12.244898 -25.138184 -13.674866 38.813049
-46.886510 12.244898 -25.772461 -13.675324 39.447784
-49.212703 12.121212 -29.465477 -13.651162 43.116638
-46.901801 12.244898 -25.093420 -13.716063 38.809483
-44.850160 12.371134 -24.805025 -13.672185 38.477211
-48.524929 12.244898 -26.949825 -13.686815 40.636642
-49.234122 12.121212 -28.067495 -13.674908 41.742401
-50.208813 12.244898 -27.169991 -13.689673 40.859665
-46.347102 12.371134 -27.716925 -13.694753 41.411678
-44.889113 12.371134 -23.570408 -13.690361 37.260769
-50.231877 12.244898 -30.883081 -13.655566 44.538647
-46.019123 12.121212 -21.447884 -13.672742 35.120625
-46.670058 11.764706 -23.117737 -13.681066 36.798801
-46.705431 11.764706 -22.666777 -13.683097 36.349873
-48.118102 11.764706 -25.179754 -13.692513 38.872269
-48.772558 11.650485 -25.179754 -13.692513 38.872269
-48.755759 11.650485 -22.259243 -13.697245 35.956490
-48.137746 11.764706 -23.581480 -13.719611 37.301090
-49.403702 11.538462 -25.100859 -13.668599 38.769459
-46.383962 11.538462 -19.912395 -13.719827 33.632221
-47.224495 11.650485 -20.861265 -13.710106 34.571373
-46.626798 11.764706 -22.666777 -13.683097 36.349873
-48.765393 11.650485 -24.019251 -13.670172 37.689423
-46.643774 11.764706 -21.137526 -13.696144 34.833672
-46.663442 11.764706 -22.666777 -13.683097 36.349873
-47.483458 11.650485 -22.666777 -13.683097 36.349873
-45.234117 11.764706 -21.233433 -13.704286 34.937717
-46.629225 11.764706 -21.929783 -13.682536 35.612320
-45.806094 11.650485 -22.207731 -13.690819 35.898552
-49.398005 11.538462 -24.019251 -13.670172 37.689423
-48.129077 11.764706 -25.179754 -13.692513 38.872269
-47.844683 11.538462 -23.397003 -13.715837 37.112839
-47.234203 11.650485 -22.570765 -13.706594 36.277359
-47.226610 11.650485 -21.367340 -13.708056 35.075397
-48.750240 11.650485 -22.778524 -13.680993 36.459518
-46.633673 11.764706 -22.666777 -13.683097 36.349873
-46.629359 11.764706 -22.666777 -13.683097 36.349873
-46.630086 11.764706 -22.157862 -13.694533 35.852394
-47.810578 11.538462 -21.701502 -13.696575 35.398079
-48.766832 11.650485 -25.179754 -13.692513 38.872269
-46.623800 11.764706 -21.367340 -13.708056 35.075397
-47.231014 11.650485 -21.701502 -13.696575 35.398079
-50.425959 11.650485 -25.457111 -13.692965 39.150078
-46.622166 11.764706 -20.092873 -13.709431 33.802303
-46.629823 11.764706 -23.117737 -13.681066 36.798801
-48.760962 11.650485 -23.581480 -13.719611 37.301090
-47.214004 11.650485 -20.674683 -13.707406 34.382088
-46.372443 11.538462 -22.928801 -13.691349 36.620148
-47.230862 11.650485 -22.666777 -13.683097 36.349873
-47.208696 11.650485 -21.701502 -13.696575 35.398079
-48.737295 11.650485 -25.179754 -13.692513 38.872269
-46.022364 11.881188 -23.117737 -13.681066 36.798801
-47.213420 11.650485 -21.701502 -13.696575 35.398079
-46.927529 12.244898 -23.850903 -13.684485 37.535389
-48.484041 12.244898 -23.965403 -13.684999 37.650402
-46.810808 12.244898 -24.331381 -13.680532 38.011913
-48.411497 12.244898 -27.120033 -13.699764 40.819798
-52.184296 12.244898 -29.831432 -13.685163 43.516594
-50.952784 12.121212 -28.332436 -13.709311 42.041748
-44.863972 12.371134 -25.615208 -13.658069 39.273277
-46.884708 12.244898 -25.294870 -13.674160 38.969032
-49.803138 12.000000 -27.453257 -13.688847 41.142105
-48.506087 12.244898 -24.698328 -13.676322 38.374649
-44.831982 12.371134 -26.486084 -13.653267 40.139351
-48.466263 12.244898 -25.093128 -13.683457 38.776585
-46.882007 12.244898 -22.826517 -13.675676 36.502193
-49.159304 12.121212 -24.230053 -13.665036 37.895088
-49.222075 12.121212 -26.538630 -13.699164 40.237793
-48.492643 12.244898 -25.462671 -13.685641 39.148312
-47.815844 12.371134 -27.427841 -13.670250 41.098091
-46.905093 12.244898 -25.309956 -13.642305 38.952263
-47.901947 12.371134 -27.577801 -13.682246 41.260048
-48.551561 12.244898 -27.743864 -13.682567 41.426430
-46.924874 12.244898 -26.252356 -13.709827 39.962181
-46.913057 12.244898 -24.399729 -13.679306 38.079033
-46.851196 12.244898 -24.693676 -13.692454 38.386131
-47.491776 12.121212 -25.527637 -13.687171 39.214809
-48.436816 12.244898 -24.713478 -13.679514 38.392990
-48.482964 12.244898 -26.538574 -13.699312 40.237885
-46.891316 12.244898 -25.236212 -13.717316 38.953529
-46.919621 12.244898 -25.647827 -13.698538 39.346367
-44.842964 12.371134 -24.110493 -13.639618 37.750111
-49.138958 12.121212 -26.252989 -13.667403 39.920391
-49.179800 12.121212 -25.093128 -13.683457 38.776585
-46.285214 12.371134 -25.388231 -13.705709 39.093941
-52.793216 12.121212 -29.449734 -13.687371 43.137104
-47.868819 12.371134 -27.427841 -13.670250 41.098091
-46.315231 12.371134 -26.416172 -13.675185 40.091358
-49.594413 12.371134 -27.550072 -13.705193 41.255264
-47.513198 12.121212 -26.972170 -13.701159 40.673328
-46.924555 12.244898 -24.500084 -13.686683 38.186768
-48.536352 12.244898 -26.073475 -13.701430 39.774906
-47.563739 12.121212 -24.103647 -13.691968 37.795616
-46.045922 12.121212 -19.076071 -13.701933 32.778004
-49.199297 12.121212 -27.476839 -13.696630 41.173470
-48.463457 12.244898 -27.577801 -13.682246 41.260048
-45.410619 12.244898 -21.118816 -13.683522 34.802338
-50.858308 12.121212 -29.729059 -13.658427 43.387486
-49.138229 12.121212 -27.949057 -13.679075 41.628132
-49.139557 12.121212 -25.935583 -13.679262 39.614845
-44.879625 12.371134 -22.877438 -13.688514 36.565952
-48.814624 11.881188 -27.342293 -13.692720 41.035011
-49.261762 12.121212 -25.093128 -13.683457 38.776585
-48.515057 12.244898 -27.165140 -13.692069 40.857208
-47.798603 12.371134 -25.935583 -13.679262 39.614845
-48.491648 12.244898 -28.157539 -13.705401 41.862942
-46.909900 12.244898 -25.623837 -13.678840 39.302677
-46.909027 12.244898 -23.877630 -13.660032 37.537663
-50.204956 12.244898 -27.531891 -13.677048 41.208939
-50.239150 12.244898 -27.057875 -13.717350 40.775223
-45.439391 12.244898 -23.414104 -13.681132 37.095238
-49.277663 12.121212 -30.501402 -13.648759 44.150162
-45.655331 12.500000 -26.309969 -13.664790 39.974758
-45.379516 12.244898 -20.265100 -13.661500 33.926601
-50.260659 12.244898 -26.382154 -13.671281 40.053436
-49.144595 12.121212 -28.190081 -13.682673 41.872753
-50.891468 12.121212 -28.187668 -13.664417 41.852085
-46.886714 12.244898 -23.714226 -13.676516 37.390739
-48.455590 12.244898 -28.056965 -13.719809 41.776772
-50.954924 12.121212 -28.332436 -13.709311 42.041748
-47.530656 12.121212 -24.717407 -13.679177 38.396584
-46.932919 12.244898 -26.309969 -13.664790 39.974758
-44.035619 12.244898 -21.471910 -13.691154 35.163063
-47.843801 12.371134 -26.352444 -13.694121 40.046566
-48.525930 12.244898 -28.501480 -13.694530 42.196011
-48.453000 12.244898 -27.743864 -13.682567 41.426430
-48.453768 12.244898 -25.734331 -13.681572 39.415901
-46.303543 12.371134 -25.362513 -13.682833 39.045345
-49.490645 12.371134 -26.097134 -13.660038 39.757172
-50.915607 12.121212 -29.958473 -13.670729 43.629204
-47.886040 12.371134 -22.992802 -13.663411 36.656212
-48.503191 12.244898 -27.043549 -13.668156 40.711704
-46.911264 12.244898 -23.262211 -13.657507 36.919716
-47.868414 12.371134 -26.949825 -13.686815 40.636642
-50.240795 12.244898 -28.149345 -13.673281 41.822624
-48.429880 12.244898 -27.485138 -13.638354 41.123493
-50.189247 12.244898 -26.866964 -13.650824 40.517788
-48.411905 12.244898 -26.892731 -13.657918 40.550648
-44.039516 12.244898 -19.386919 -13.658611 33.045532
-49.115981 12.121212 -29.221869 -13.695230 42.917099
-46.252884 12.371134 -22.196878 -13.709809 35.906689
-50.215443 12.244898 -28.433231 -13.672108 42.105339
-47.144435 12.500000 -25.372831 -13.669178 39.042007
-47.901292 12.371134 -27.330999 -13.684704 41.015701
-46.873202 12.244898 -25.138184 -13.674866 38.813049
-49.156329 12.121212 -26.081932 -13.655295 39.737228
-44.019844 12.244898 -23.352531 -13.678164 37.030693
-49.111732 12.121212 -23.659632 -13.665993 37.325623
-46.212810 12.371134 -24.558601 -13.642976 38.201576
-50.885625 12.121212 -27.951818 -13.688659 41.640476
-44.778526 12.371134 -23.661572 -13.683666 37.345238
-47.753924 12.371134 -22.437098 -13.676128 36.113228
-47.840016 12.371134 -26.840714 -13.686486 40.527199
-46.946179 12.244898 -25.438551 -13.714007 39.152557
-49.511292 12.371134 -26.485987 -13.672275 40.158260
-49.186319 12.121212 -25.853842 -13.670552 39.524395
-46.897574 12.244898 -22.956327 -13.673967 36.630295
-49.486391 12.371134 -28.040165 -13.712480 41.752644
-48.218719 12.000000 -25.987627 -13.705160 39.692787
-49.162653 12.121212 -29.541246 -13.692010 43.233257
-46.269238 12.371134 -24.580420 -13.686983 38.267403
-46.921487 12.244898 -24.675421 -13.651772 38.327194
-49.817346 12.000000 -28.753283 -13.656498 42.409782
-46.891457 12.244898 -27.887863 -13.631463 41.519325
-48.543741 12.244898 -23.761673 -13.696863 37.458534
-46.896691 12.244898 -25.119797 -13.675145 38.794941
-50.557451 11.881188 -25.861061 -13.670485 39.531548
-46.912325 12.244898 -25.138184 -13.674866 38.813049
-46.881736 12.244898 -25.647730 -13.693927 39.341656
-51.555281 12.000000 -26.382154 -13.671281 40.053436
-49.144725 12.121212 -26.643995 -13.675502 40.319496
-48.533339 12.244898 -27.456884 -13.656123 41.113007
-49.231052 12.121212 -26.949825 -13.686815 40.636642
-48.136852 12.000000 -24.590805 -13.697628 38.288433
-44.814325 12.371134 -21.956535 -13.679582 35.636116
-49.518373 12.371134 -24.827875 -13.673409 38.501286
-48.449467 12.244898 -25.495548 -13.681372 39.176918
-46.672917 12.000000 -25.064871 -13.706365 38.771236
-50.237575 12.244898 -29.667700 -13.681221 43.348923
-42.893648 12.500000 -18.673670 -13.679802 32.353470
-46.259824 12.371134 -24.815884 -13.675865 38.491749
-47.502472 12.121212 -23.437702 -13.708312 37.146015
-50.243909 12.244898 -27.432699 -13.673817 41.106514
-46.886635 12.244898 -25.651192 -13.709368 39.360558
-46.870388 12.244898 -27.652651 -13.664043 41.316696
-44.790008 12.371134 -22.460445 -13.703996 36.164440
-45.990226 12.121212 -24.077688 -13.689331 37.767021
-47.858361 12.371134 -25.846796 -13.674845 39.521641
-46.849922 12.244898 -24.580420 -13.686983 38.267403
-48.472945 12.244898 -27.881145 -13.694458 41.575603
-46.000699 12.121212 -24.592012 -13.709530 38.301544
-49.094687 12.121212 -25.026945 -13.681936 38.708881
-44.839969 12.371134 -24.731941 -13.703831 38.435772
-47.493019 12.121212 -24.623297 -13.681158 38.304455
-49.449487 12.371134 -27.272606 -13.598771 40.871376
-47.507683 12.121212 -26.091560 -13.691830 39.783390
-45.409523 12.244898 -23.777750 -13.689381 37.467133
-50.882929 12.121212 -27.698919 -13.655499 41.354416
-46.016828 12.121212 -23.706097 -13.682541 37.388638
-46.332162 12.371134 -25.993624 -13.683104 39.676727
-45.433862 12.244898 -23.068890 -13.663437 36.732327
-45.609705 12.500000 -24.811548 -13.674008 38.485558
-48.524598 12.244898 -27.430735 -13.685731 41.116467
-46.911452 12.244898 -25.910406 -13.697558 39.607964
-50.276838 12.244898 -22.579853 -13.662298 36.242149
-47.469513 12.121212 -24.764471 -13.712159 38.476631
-49.445362 12.371134 -28.332436 -13.709311 42.041748
-46.556004 12.000000 -24.769552 -13.689581 38.459133
-46.010166 12.121212 -22.460445 -13.703996 36.164440
-43.566346 12.371134 -26.076754 -13.650932 39.727684
-49.178312 12.121212 -27.677286 -13.673827 41.351112
-48.507960 12.244898 -28.254776 -13.697020 41.951797
-45.363696 12.244898 -21.484854 -13.660179 35.145035
-47.793473 12.371134 -26.547709 -13.683922 40.231628
-46.284565 12.371134 -23.293058 -13.663388 36.956448
-49.163281 12.121212 -25.324011 -13.691206 39.015217
-45.447274 12.244898 -22.701096 -13.680813 36.381908
-50.176553 12.244898 -28.156475 -13.659780 41.816254
-48.482876 12.244898 -26.870951 -13.696169 40.567120
-48.460619 12.244898 -25.439919 -13.670439 39.110359
-44.845668 12.371134 -23.254560 -13.653735 36.908295
-48.539969 12.244898 -26.396687 -13.691330 40.088017
-49.084650 12.121212 -23.006413 -13.668970 36.675385
-46.244105 12.371134 -24.987761 -13.720497 38.708260
-47.494065 12.121212 -26.315195 -13.694393 40.009590
-44.843611 12.371134 -23.345451 -13.698953 37.044403
-44.039605 12.244898 -22.836168 -13.702188 36.538357
-51.310552 12.371134 -24.803896 -13.647799 38.451694
-46.832454 12.244898 -23.329910 -13.670697 37.000607
-46.044660 12.121212 -25.663719 -13.675518 39.339237
-46.887267 12.244898 -22.369877 -13.671386 36.041264
-48.191996 12.000000 -25.566702 -13.708312 39.275013
-49.845675 12.000000 -27.577801 -13.682246 41.260048
-50.962891 12.121212 -27.698919 -13.655499 41.354416
-48.145739 12.000000 -24.717407 -13.679177 38.396584
-48.539333 12.244898 -27.577801 -13.682246 41.260048
-46.831337 12.244898 -24.377047 -13.665841 38.042889
-46.018946 12.121212 -25.330511 -13.683173 39.013683
-48.460470 12.244898 -27.532890 -13.694299 41.227188
-50.907184 12.121212 -27.367741 -13.691482 41.059223
-46.814501 12.244898 -23.306969 -13.693701 37.000671
-46.907784 12.244898 -21.906439 -13.706213 35.612652
-48.492527 12.244898 -25.438675 -13.672611 39.111286
-48.469383 12.244898 -27.552523 -13.675105 41.227627
-45.366764 12.244898 -21.119482 -13.688836 34.808319
-47.504912 12.121212 -25.995596 -13.706200 39.701797
-48.465589 12.244898 -26.898258 -13.684736 40.582993
-47.788769 12.371134 -23.163212 -13.676709 36.839920
-47.494391 12.121212 -26.738005 -13.646994 40.384998
-46.345638 12.371134 -23.632906 -13.661417 37.294323
-49.133847 12.121212 -27.016987 -13.663374 40.680359
-49.192737 12.121212 -25.993225 -13.663778 39.657005
-46.840527 12.244898 -23.745392 -13.655827 37.401218
-45.439729 12.244898 -25.298674 -13.683551 38.982224
-47.515991 12.121212 -25.566702 -13.708312 39.275013
-48.484240 12.244898 -25.333664 -13.678776 39.012440
-49.813576 12.000000 -25.511097 -13.686014 39.197113
-49.577179 12.371134 -27.280262 -13.681257 40.961517
-48.496129 12.244898 -27.284599 -13.675915 40.960514
-46.304284 12.371134 -25.749214 -13.691148 39.440361
-45.396476 12.244898 -23.168816 -13.706524 36.875340
-45.621760 12.500000 -22.357607 -13.662539 36.020145
-48.758860 12.500000 -28.099699 -13.675247 41.774948
-50.273651 12.244898 -27.382565 -13.685877 41.068443
-48.534224 12.244898 -26.478619 -13.655138 40.133759
-48.460443 12.244898 -25.689634 -13.621684 39.311317
-45.443184 12.244898 -23.664064 -13.696930 37.360992
-52.511721 11.881188 -30.168756 -13.668484 43.837242
-49.483253 12.371134 -26.275547 -13.671968 39.947514
-47.775437 12.371134 -25.773266 -13.667152 39.440418
-45.379308 12.244898 -26.438568 -13.667809 40.106377
-47.621609 12.121212 -28.183411 -13.692033 41.875443
-49.158326 12.121212 -24.381208 -13.682946 38.064156
-46.944542 12.244898 -24.087961 -13.666860 37.754822
-47.498405 12.121212 -22.753952 -13.675965 36.429916
-47.829791 12.371134 -26.870951 -13.696169 40.567120
-49.168870 12.121212 -26.016748 -13.702075 39.718822
-47.167991 12.500000 -26.108259 -13.693789 39.802048
-51.314536 12.371134 -29.166998 -13.699153 42.866150
-49.129161 12.121212 -27.191557 -13.684378 40.875935
-48.467328 12.244898 -26.343309 -13.658873 40.002182
-50.155200 12.244898 -26.491226 -13.656854 40.148079
-48.238328 12.631579 -28.982155 -13.719136 42.701290
-47.866296 12.371134 52.051849 -13.664066 -38.387783
-48.486726 12.244898 -27.605549 -13.681227 41.286774
-48.180855 12.000000 -23.557627 -13.707676 37.265305
-50.201621 12.244898 -26.545286 -13.681969 40.227257
-48.504208 12.244898 -29.105473 -13.649363 42.754837
-44.877431 12.371134 -26.486084 -13.653267 40.139351
-48.426266 12.244898 -25.495548 -13.681372 39.176918
-46.006564 12.121212 -24.093382 -13.692610 37.785992
-48.452768 12.244898 -24.427460 -13.687570 38.115028
-49.095353 12.121212 -27.129230 -13.653646 40.782875
-50.874675 12.121212 -26.684546 -13.673861 40.358406
-48.438191 12.244898 -29.473623 -13.657211 43.130836
-48.532725 12.244898 -25.920870 -13.683446 39.604317
-50.315950 12.244898 -29.434473 -13.683751 43.118225
-49.173707 12.121212 -23.587236 -13.696735 37.283974
-46.885272 12.244898 -24.693676 -13.692454 38.386131
-48.508817 12.244898 -25.789028 -13.688097 39.477127
-54.166206 12.244898 -30.150873 -13.641808 43.792679
-50.224428 12.244898 -26.943752 -13.690335 40.634087
-46.238521 12.371134 -27.566359 -13.678580 41.244938
-44.843732 12.371134 -23.917831 -13.694592 37.612423
-47.761935 12.371134 -25.594532 -13.679833 39.274364
-43.543523 12.371134 -20.694227 -13.677713 34.371941
-46.191398 12.371134 -26.565815 -13.689705 40.255520
-46.911583 12.244898 -24.122234 -13.678638 37.800873
-47.497705 12.121212 -24.251829 -13.673946 37.925774
-48.450958 12.244898 -24.315916 -13.674173 37.990089
-46.867996 12.244898 -23.142515 -13.696072 36.838585
-44.817163 12.371134 -22.555389 -13.672343 36.227734
-47.778101 12.371134 -27.553894 -13.711818 41.265713
-47.478029 12.121212 -24.970568 -13.670526 38.641094
-48.481428 12.244898 -26.840714 -13.686486 40.527199
-47.220506 12.500000 -24.377920 -13.669671 38.047592
-55.870624 12.000000 -29.429077 -13.668968 43.098045
-47.480809 12.121212 -25.428604 -13.662871 39.091476
-45.446395 12.244898 -22.035694 -13.707929 35.743622
-46.281421 12.371134 -22.711243 -13.660582 36.371826
-46.915037 12.244898 -25.253712 -13.701991 38.955704
-46.932501 12.244898 -24.615055 -13.688034 38.303089
-48.774173 12.500000 -24.827875 -13.673409 38.501286
-52.892208 12.121212 -28.424442 -13.667906 42.092346
-46.906707 12.244898 -24.580420 -13.686983 38.267403
-46.933975 12.244898 -26.554840 -13.695793 40.250633
-48.455043 12.244898 -26.528751 -13.662730 40.191483
-46.931136 12.244898 -24.245333 -13.678975 37.924309
-49.494613 12.371134 -25.590479 -13.699463 39.289940
-46.287940 12.371134 -25.647730 -13.693927 39.341656
-50.216605 12.244898 -30.663328 -13.698401 44.361729
-47.518698 12.121212 -24.674759 -13.679498 38.354256
-44.036569 12.244898 -20.802526 -13.689103 34.491631
-46.829156 12.244898 -24.693676 -13.692454 38.386131
-46.912926 12.244898 -24.876909 -13.698050 38.574959
-48.447888 12.244898 -24.202564 -13.647504 37.850067
-46.222993 12.371134 -23.517179 -13.655178 37.172356
-50.909989 12.121212 -27.540623 -13.654167 41.194790
-49.110370 12.121212 -23.676573 -13.651513 37.328087
-49.829119 12.000000 -27.053722 -13.691087 40.744808
-50.866229 12.121212 -29.473848 -13.647023 43.120872
-49.520103 12.371134 -27.911743 -13.711500 41.623245
-49.135594 12.121212 -26.833168 -13.665620 40.498787
-45.977830 12.121212 -24.335854 -13.651910 37.987762
-49.205688 12.121212 -29.039621 -13.623378 42.662998
-48.517516 12.244898 -24.839828 -13.680873 38.520702
-50.974531 12.121212 -27.083645 -13.689377 40.773022
-46.877229 12.244898 -25.910406 -13.697558 39.607964
-45.339892 12.244898 -22.095425 -13.682959 35.778381
-48.416787 12.244898 -27.800837 -13.674889 41.475723
-47.785403 12.371134 -27.054142 -13.685078 40.739220
-46.282995 12.371134 -24.018991 -13.653486 37.672478
-46.021652 12.121212 -22.966671 -13.669925 36.636597
-49.822204 12.000000 -27.071943 -13.690743 40.762688
-45.439580 12.244898 -26.118498 -13.669511 39.788010
-49.092410 12.121212 -26.802166 -13.687522 40.489689
-46.857215 12.244898 -23.865366 -13.680998 37.546364
-45.413720 12.244898 -25.064871 -13.706365 38.771236
-49.800469 12.000000 -27.286474 -13.665729 40.952202
-44.828871 12.371134 -22.602200 -13.711434 36.313633
-48.450190 12.244898 -25.069885 -13.639000 38.708885
-46.911316 12.244898 -25.995596 -13.706200 39.701797
-49.140157 12.121212 -26.932686 -13.718913 40.651600
-46.870602 12.244898 -23.797155 -13.658787 37.455940
-47.499120 12.121212 -24.676186 -13.682933 38.359119
-44.612130 12.121212 -26.937849 -13.715896 40.653744
-46.234598 12.371134 -25.428604 -13.662871 39.091476
